2018-04-30T12:38:07+00:00 CRITICAL Uncaught Error: Call to undefined function twentyseventeen_entry_footer() in C:\xampp\htdocs\wordpressTest\wordpress\wp-content\themes\sunsettheme\template-parts\post\content.php:71
Stack trace:
#0 C:\xampp\htdocs\wordpressTest\wordpress\wp-includes\template.php(690): require()
#1 C:\xampp\htdocs\wordpressTest\wordpress\wp-includes\template.php(647): load_template('C:\\xampp\\htdocs...', false)
#2 C:\xampp\htdocs\wordpressTest\wordpress\wp-includes\general-template.php(155): locate_template(Array, true, false)
#3 C:\xampp\htdocs\wordpressTest\wordpress\wp-content\themes\sunsettheme\single-produit.php(23): get_template_part('template-parts/...', '')
#4 C:\xampp\htdocs\wordpressTest\wordpress\wp-includes\template-loader.php(74): include('C:\\xampp\\htdocs...')
#5 C:\xampp\htdocs\wordpressTest\wordpress\wp-blog-header.php(19): require_once('C:\\xampp\\htdocs...')
#6 C:\xampp\htdocs\wordpressTest\wordpress\index.php(17): require('C:\\xampp\\htdocs...')
#7 {main}
  thrown

2018-05-03T16:58:34+00:00 CRITICAL Out of memory (allocated 23068672) (tried to allocate 32768 bytes)

2018-05-03T17:03:47+00:00 CRITICAL Out of memory (allocated 4194304) (tried to allocate 20480 bytes)

2018-05-04T09:13:41+00:00 CRITICAL Out of memory (allocated 27262976) (tried to allocate 114688 bytes)

2018-05-04T09:13:43+00:00 CRITICAL Out of memory (allocated 25165824) (tried to allocate 114688 bytes)

2018-05-04T09:13:46+00:00 CRITICAL Out of memory (allocated 25165824) (tried to allocate 114688 bytes)

2018-05-04T09:13:48+00:00 CRITICAL Out of memory (allocated 25165824) (tried to allocate 114688 bytes)

2018-05-04T09:13:53+00:00 CRITICAL Out of memory (allocated 25165824) (tried to allocate 114688 bytes)

2018-05-04T11:08:18+00:00 CRITICAL Out of memory (allocated 4194304) (tried to allocate 4096 bytes)

2018-05-04T13:28:14+00:00 CRITICAL Out of memory (allocated 18874368) (tried to allocate 114688 bytes)

